01:18:46 SYS@orcl> set autotrace traceonly explain
01:19:01 SYS@orcl> select * from hr.employees;
Decorrido: 00:00:00.02

Plano de ExecuþÒo
==========================================================
Plan hash value: 1445457117

-------------------------------------------------------------------------------
| Id  | Operation         | Name      | Rows  | Bytes | Cost (%CPU)| Time     |
-------------------------------------------------------------------------------
|   0 | SELECT STATEMENT  |           |   107 |  7383 |     2   (0)| 00:00:01 |
|   1 |  TABLE ACCESS FULL| EMPLOYEES |   107 |  7383 |     2   (0)| 00:00:01 |
-------------------------------------------------------------------------------


01:18:46 SYS@orcl> set autotrace traceonly explain
01:19:01 SYS@orcl> select * from hr.employees;
Decorrido: 00:00:00.02

Plano de ExecuþÒo
==========================================================
Plan hash value: 1445457117

-------------------------------------------------------------------------------
| Id  | Operation         | Name      | Rows  | Bytes | Cost (%CPU)| Time     |
-------------------------------------------------------------------------------
|   0 | SELECT STATEMENT  |           |   107 |  7383 |     2   (0)| 00:00:01 |
|   1 |  TABLE ACCESS FULL| EMPLOYEES |   107 |  7383 |     2   (0)| 00:00:01 |
-------------------------------------------------------------------------------
